[2025-04-11 17:22:26.870] [15929] [HailoRT] [info] [vdevice.cpp:523] [create] Creating vdevice with params: device_count: 1, scheduling_algorithm: ROUND_ROBIN, multi_process_service: false
[2025-04-11 17:22:26.883] [15929] [HailoRT] [info] [device.cpp:49] [Device] OS Version: Linux 6.6.31+rpt-rpi-2712 #1 SMP PREEMPT Debian 1:6.6.31-1+rpt1 (2024-05-29) aarch64
[2025-04-11 17:22:26.885] [15929] [HailoRT] [info] [control.cpp:108] [control__parse_identify_results] firmware_version is: 4.20.0
[2025-04-11 17:22:26.885] [15929] [HailoRT] [info] [vdevice.cpp:651] [create] VDevice Infos: 0000:01:00.0
[2025-04-11 17:22:27.045] [15929] [HailoRT] [info] [hef.cpp:1929] [get_network_group_and_network_name] No name was given. Addressing all networks of default network_group: yolov8m
[2025-04-11 17:22:27.045] [15929] [HailoRT] [info] [hef.cpp:1929] [get_network_group_and_network_name] No name was given. Addressing all networks of default network_group: yolov8m
[2025-04-11 17:22:27.114] [15955] [HailoRT] [info] [internal_buffer_manager.cpp:204] [print_execution_results] Planned internal buffer memory: CMA memory 0, user memory 7070208. memory to edge layer usage factor is 0.85188156
[2025-04-11 17:22:27.114] [15955] [HailoRT] [info] [internal_buffer_manager.cpp:212] [print_execution_results] Default Internal buffer planner executed successfully
[2025-04-11 17:22:27.164] [15955] [HailoRT] [info] [device_internal.cpp:57] [configure] Configuring HEF took 72.846654 milliseconds
[2025-04-11 17:22:27.164] [15955] [HailoRT] [info] [vdevice.cpp:749] [configure] Configuring HEF on VDevice took 73.371466 milliseconds
[2025-04-11 17:22:27.164] [15955] [HailoRT] [info] [infer_model.cpp:436] [configure] Configuring network group 'yolov8m' with params: batch size: 2, power mode: PERFORMANCE, latency: NONE
[2025-04-11 17:22:27.164] [15955] [HailoRT] [info] [multi_io_elements.cpp:756] [create] Created (AsyncHwEl)
[2025-04-11 17:22:27.164] [15955] [HailoRT] [info] [queue_elements.cpp:450] [create] Created (EntryPushQEl0yolov8m/input_layer1 | timeout: 10s)
[2025-04-11 17:22:27.165] [15955] [HailoRT] [info] [filter_elements.cpp:101] [create] Created (PreInferEl0yolov8m/input_layer1 | Reorder - src_order: RGB4, src_shape: (640, 640, 3), dst_order: NHCW, dst_shape: (640, 640, 3))
[2025-04-11 17:22:27.165] [15955] [HailoRT] [info] [queue_elements.cpp:450] [create] Created (PushQEl0yolov8m/input_layer1 | timeout: 10s)
[2025-04-11 17:22:27.165] [15955] [HailoRT] [info] [multi_io_elements.cpp:135] [create] Created (NmsPPMuxEl0YOLOV8-Post-Process | Op YOLOV8, Name: YOLOV8-Post-Process, Score threshold: 0.300, IoU threshold: 0.45, Classes: 80, Cross classes: false, NMS results order: BY_CLASS, Max bboxes per class: 100, Image height: 640, Image width: 640)
[2025-04-11 17:22:27.165] [15955] [HailoRT] [info] [queue_elements.cpp:942] [create] Created (MultiPushQEl0YOLOV8-Post-Process | timeout: 10s)
[2025-04-11 17:22:27.165] [15955] [HailoRT] [info] [edge_elements.cpp:187] [create] Created (LastAsyncEl0NmsPPMuxEl0YOLOV8-Post-Process)
[2025-04-11 17:22:27.165] [15955] [HailoRT] [info] [pipeline.cpp:891] [print_deep_description] EntryPushQEl0yolov8m/input_layer1 | inputs: user | outputs: PreInferEl0yolov8m/input_layer1(running in thread_id: 15966)
[2025-04-11 17:22:27.165] [15955] [HailoRT] [info] [pipeline.cpp:891] [print_deep_description] PreInferEl0yolov8m/input_layer1 | inputs: EntryPushQEl0yolov8m/input_layer1[0] | outputs: PushQEl0yolov8m/input_layer1
[2025-04-11 17:22:27.165] [15955] [HailoRT] [info] [pipeline.cpp:891] [print_deep_description] PushQEl0yolov8m/input_layer1 | inputs: PreInferEl0yolov8m/input_layer1[0] | outputs: AsyncHwEl(running in thread_id: 15967)
[2025-04-11 17:22:27.165] [15955] [HailoRT] [info] [pipeline.cpp:891] [print_deep_description] AsyncHwEl | inputs: PushQEl0yolov8m/input_layer1[0] | outputs: MultiPushQEl0YOLOV8-Post-Process MultiPushQEl0YOLOV8-Post-Process MultiPushQEl0YOLOV8-Post-Process MultiPushQEl0YOLOV8-Post-Process MultiPushQEl0YOLOV8-Post-Process MultiPushQEl0YOLOV8-Post-Process
[2025-04-11 17:22:27.165] [15955] [HailoRT] [info] [pipeline.cpp:891] [print_deep_description] MultiPushQEl0YOLOV8-Post-Process | inputs: AsyncHwEl[0] AsyncHwEl[1] AsyncHwEl[2] AsyncHwEl[3] AsyncHwEl[4] AsyncHwEl[5] | outputs: NmsPPMuxEl0YOLOV8-Post-Process(running in thread_id: 15968)
[2025-04-11 17:22:27.165] [15955] [HailoRT] [info] [pipeline.cpp:891] [print_deep_description] NmsPPMuxEl0YOLOV8-Post-Process | inputs: MultiPushQEl0YOLOV8-Post-Process[0] | outputs: LastAsyncEl0NmsPPMuxEl0YOLOV8-Post-Process
[2025-04-11 17:22:27.165] [15955] [HailoRT] [info] [pipeline.cpp:891] [print_deep_description] LastAsyncEl0NmsPPMuxEl0YOLOV8-Post-Process | inputs: NmsPPMuxEl0YOLOV8-Post-Process[0] | outputs: user
[2025-04-11 17:22:27.170] [15955] [HailoRT] [info] [hef.cpp:1929] [get_network_group_and_network_name] No name was given. Addressing all networks of default network_group: yolov8m
[2025-04-11 17:27:33.302] [15929] [HailoRT] [info] [async_infer_runner.cpp:86] [shutdown] Pipeline was aborted. Shutting it down
[2025-04-11 17:27:33.303] [15929] [HailoRT] [info] [queue_elements.cpp:1131] [execute_deactivate] enqueue() in element MultiPushQEl0YOLOV8-Post-Process was aborted, got status = HAILO_SHUTDOWN_EVENT_SIGNALED(57)
[2025-04-11 17:27:33.303] [15929] [HailoRT] [info] [queue_elements.cpp:1131] [execute_deactivate] enqueue() in element MultiPushQEl0YOLOV8-Post-Process was aborted, got status = HAILO_SHUTDOWN_EVENT_SIGNALED(57)
[2025-04-11 17:27:33.303] [15929] [HailoRT] [info] [queue_elements.cpp:1131] [execute_deactivate] enqueue() in element MultiPushQEl0YOLOV8-Post-Process was aborted, got status = HAILO_SHUTDOWN_EVENT_SIGNALED(57)
[2025-04-11 17:27:33.303] [15929] [HailoRT] [info] [queue_elements.cpp:1131] [execute_deactivate] enqueue() in element MultiPushQEl0YOLOV8-Post-Process was aborted, got status = HAILO_SHUTDOWN_EVENT_SIGNALED(57)
[2025-04-11 17:27:33.303] [15929] [HailoRT] [info] [queue_elements.cpp:1131] [execute_deactivate] enqueue() in element MultiPushQEl0YOLOV8-Post-Process was aborted, got status = HAILO_SHUTDOWN_EVENT_SIGNALED(57)
[2025-04-11 17:27:33.303] [15929] [HailoRT] [info] [queue_elements.cpp:1131] [execute_deactivate] enqueue() in element MultiPushQEl0YOLOV8-Post-Process was aborted, got status = HAILO_SHUTDOWN_EVENT_SIGNALED(57)
[2025-04-11 17:27:33.303] [15929] [HailoRT] [info] [queue_elements.cpp:570] [execute_deactivate] enqueue() in element PushQEl0yolov8m/input_layer1 was aborted, got status = HAILO_SHUTDOWN_EVENT_SIGNALED(57)
[2025-04-11 17:27:33.303] [15929] [HailoRT] [info] [queue_elements.cpp:570] [execute_deactivate] enqueue() in element EntryPushQEl0yolov8m/input_layer1 was aborted, got status = HAILO_SHUTDOWN_EVENT_SIGNALED(57)
[2025-04-11 17:27:33.303] [15929] [HailoRT] [info] [queue_elements.cpp:46] [~BaseQueueElement] Queue element EntryPushQEl0yolov8m/input_layer1 has 0 frames in his Queue on destruction
[2025-04-11 17:27:33.303] [15929] [HailoRT] [info] [queue_elements.cpp:46] [~BaseQueueElement] Queue element PushQEl0yolov8m/input_layer1 has 0 frames in his Queue on destruction
