2025-04-30 14:57:56,684 - INFO - info_main.py:48 - Start run for network yolov8n_seg ...
2025-04-30 14:57:56,684 - INFO - info_main.py:34 - [0m
	task:                    instance segmentation
	input_shape:             640x640x3
	output_shape:            20x20x64, 20x20x80, 20x20x32, 40x40x64, 40x40x80, 40x40x32, 80x80x64, 80x80x80, 80x80x32, 160x160x32
	operations:              12.04G
	parameters:              3.4M
	framework:               pytorch
	training_data:           coco instances train2017
	validation_data:         coco instances val2017
	eval_metric:             mAP
	full_precision_result:   30.32
	source:                  https://github.com/ultralytics/ultralytics
	license_url:             https://github.com/ultralytics/ultralytics/blob/main/LICENSE
2025-08-12 10:13:40,571 - INFO - main_driver.py:333 - Start run for network yolov8n_seg ...
2025-08-12 10:13:40,572 - INFO - main_driver.py:335 - Initializing the runner...
2025-08-12 10:13:40,585 - INFO - main_driver.py:344 - Chosen target is full_precision
2025-08-12 10:13:42,655 - INFO - main_utils.py:281 - Preparing calibration data...
2025-08-12 10:13:44,234 - INFO - main_utils.py:470 - Initializing the dataset ...
2025-08-12 10:13:46,805 - INFO - model_infer_lite.py:35 - Running inference...
2025-08-12 11:57:28,751 - INFO - infer_utils.py:68 - Done 5000 images mask AP=30.317 mask AP50=48.938
2025-08-12 12:01:30,521 - DEPRECATION_WARNING - main_driver.py:263 - 'profile' command is deprecated and will be removed in future release. Please use 'hailo profiler' tool instead.
2025-08-12 12:02:24,606 - DEPRECATION_WARNING - main_driver.py:263 - 'profile' command is deprecated and will be removed in future release. Please use 'hailo profiler' tool instead.
2025-08-12 12:02:24,685 - INFO - main_driver.py:273 - Start run for network yolov8n_seg ...
2025-08-12 12:02:24,685 - INFO - main_driver.py:275 - Initializing the hailo8 runner...
2025-08-12 12:02:25,950 - INFO - main_driver.py:296 - Profiler report generated in yolov8n_seg.html
2025-08-12 12:07:02,495 - INFO - main_driver.py:333 - Start run for network yolov8s ...
2025-08-12 12:07:02,495 - INFO - main_driver.py:335 - Initializing the runner...
2025-08-12 12:07:02,505 - INFO - main_driver.py:344 - Chosen target is full_precision
2025-08-12 12:07:04,860 - INFO - main_utils.py:281 - Preparing calibration data...
2025-08-12 12:07:06,220 - INFO - main_utils.py:470 - Initializing the dataset ...
2025-08-12 12:07:08,538 - INFO - model_infer.py:36 - Running inference...
